2025-10-15 05:35:21 [INFO] [api] Service started (1260ms)
2025-10-15 14:24:21 [WARNING] [api] Cache miss (4574ms)
2025-10-15 00:07:21 [WARNING] [cache] Rate limit exceeded (4232ms)
2025-10-15 07:14:21 [DEBUG] [queue] Database query executed (4504ms)
2025-10-15 01:51:21 [DEBUG] [queue] Invalid credentials (821ms)
2025-10-15 20:20:21 [DEBUG] [api] Rate limit exceeded (4316ms)
2025-10-15 13:29:21 [DEBUG] [queue] Disk space low (2905ms)
2025-10-15 08:38:21 [ERROR] [queue] Rate limit exceeded (4796ms)
2025-10-15 20:23:21 [WARNING] [cache] Invalid credentials (2277ms)
2025-10-15 20:20:21 [ERROR] [cache] Disk space low (3685ms)
2025-10-15 17:51:21 [ERROR] [database] Cache miss (1533ms)
2025-10-15 05:54:21 [ERROR] [cache] Invalid credentials (919ms)
2025-10-15 20:18:21 [INFO] [queue] Connection timeout (3827ms)
2025-10-15 08:12:21 [INFO] [api] Invalid credentials (3529ms)
2025-10-15 09:50:21 [INFO] [api] Connection timeout (4060ms)
2025-10-15 12:24:21 [DEBUG] [auth] Disk space low (1261ms)
2025-10-15 14:58:21 [WARNING] [api] Connection timeout (2748ms)
2025-10-15 19:43:21 [ERROR] [auth] Memory usage high (453ms)
2025-10-15 00:17:21 [ERROR] [api] Invalid credentials (1727ms)
2025-10-15 10:54:21 [DEBUG] [queue] Connection timeout (4105ms)
2025-10-15 21:03:21 [ERROR] [api] Cache miss (1701ms)
2025-10-15 22:09:21 [WARNING] [cache] Connection timeout (4009ms)
2025-10-14 23:33:21 [DEBUG] [api] Service started (3556ms)
2025-10-15 22:00:21 [DEBUG] [auth] Connection timeout (3718ms)
2025-10-15 20:03:21 [DEBUG] [queue] Database query executed (3662ms)
2025-10-15 19:54:21 [INFO] [api] Service started (195ms)
2025-10-15 03:28:21 [ERROR] [database] Memory usage high (986ms)
2025-10-15 08:26:21 [DEBUG] [auth] Invalid credentials (344ms)
2025-10-15 07:02:21 [ERROR] [api] Service stopped (1913ms)
2025-10-15 13:10:21 [WARNING] [cache] Cache miss (3168ms)
2025-10-15 19:44:21 [DEBUG] [cache] Invalid credentials (295ms)
2025-10-15 13:35:21 [INFO] [auth] Service stopped (1714ms)
2025-10-15 16:20:21 [INFO] [api] Invalid credentials (3460ms)
2025-10-14 23:19:21 [ERROR] [cache] Disk space low (2234ms)
2025-10-15 06:55:21 [DEBUG] [cache] Invalid credentials (3945ms)
2025-10-15 16:23:21 [DEBUG] [queue] Connection timeout (4053ms)
2025-10-15 10:12:21 [DEBUG] [database] Connection timeout (1800ms)
2025-10-15 15:53:21 [DEBUG] [api] Connection timeout (49ms)
2025-10-14 22:55:21 [DEBUG] [api] Disk space low (4983ms)
2025-10-15 08:13:21 [WARNING] [database] Disk space low (2887ms)
2025-10-15 00:50:21 [DEBUG] [queue] Memory usage high (1114ms)
2025-10-15 19:06:21 [INFO] [queue] Invalid credentials (685ms)
2025-10-15 05:35:21 [DEBUG] [api] Rate limit exceeded (4729ms)
2025-10-15 22:44:21 [DEBUG] [auth] Invalid credentials (4084ms)
2025-10-15 00:15:21 [DEBUG] [cache] Invalid credentials (248ms)
2025-10-15 16:14:21 [INFO] [cache] Database query executed (664ms)
2025-10-15 20:13:21 [WARNING] [queue] Database query executed (1302ms)
2025-10-15 16:52:21 [DEBUG] [cache] Connection timeout (4457ms)
2025-10-15 08:28:21 [DEBUG] [queue] Memory usage high (1348ms)
2025-10-15 06:46:21 [WARNING] [api] Invalid credentials (655ms)
2025-10-15 09:03:21 [INFO] [queue] Request processed successfully (1681ms)
2025-10-15 10:01:21 [WARNING] [auth] Rate limit exceeded (937ms)
2025-10-15 05:16:21 [INFO] [cache] Rate limit exceeded (1434ms)
2025-10-15 13:55:21 [ERROR] [queue] Invalid credentials (2503ms)
2025-10-14 23:32:21 [ERROR] [api] Service stopped (1993ms)
2025-10-15 07:00:21 [INFO] [cache] Request processed successfully (800ms)
2025-10-15 19:04:21 [ERROR] [database] Rate limit exceeded (4689ms)
2025-10-15 20:15:21 [WARNING] [cache] Service started (4429ms)
2025-10-15 06:48:21 [ERROR] [auth] Disk space low (1678ms)
2025-10-15 12:10:21 [DEBUG] [api] Memory usage high (3603ms)
2025-10-15 09:15:21 [DEBUG] [cache] Service started (489ms)
2025-10-15 16:45:21 [INFO] [database] Request processed successfully (2300ms)
2025-10-15 10:28:21 [INFO] [queue] Cache miss (2394ms)
2025-10-15 08:38:21 [ERROR] [database] Service stopped (4258ms)
2025-10-15 15:52:22 [WARNING] [auth] Disk space low (652ms)
2025-10-15 08:48:22 [WARNING] [api] Database query executed (2488ms)
2025-10-15 09:57:22 [INFO] [api] Memory usage high (2088ms)
2025-10-15 06:37:22 [WARNING] [auth] Service stopped (4132ms)
2025-10-15 22:32:22 [ERROR] [api] Memory usage high (1166ms)
2025-10-15 18:59:22 [INFO] [cache] Cache miss (1164ms)
2025-10-15 22:29:22 [ERROR] [database] Rate limit exceeded (3445ms)
2025-10-15 12:58:22 [ERROR] [database] Database query executed (224ms)
2025-10-15 18:14:22 [WARNING] [api] Service stopped (3968ms)
2025-10-15 03:24:22 [ERROR] [api] Disk space low (1794ms)
2025-10-15 08:24:22 [WARNING] [auth] Cache miss (1146ms)
2025-10-15 09:16:22 [INFO] [queue] Service started (837ms)
2025-10-15 19:52:22 [WARNING] [api] Service started (889ms)
2025-10-15 08:17:22 [DEBUG] [auth] Request processed successfully (1475ms)
2025-10-15 19:17:22 [INFO] [database] Request processed successfully (2429ms)
2025-10-15 11:22:22 [ERROR] [queue] Service started (4937ms)
2025-10-15 12:51:22 [ERROR] [api] Memory usage high (3768ms)
2025-10-15 20:00:22 [ERROR] [cache] Database query executed (2414ms)
2025-10-15 10:43:22 [INFO] [auth] Service stopped (3664ms)
2025-10-15 01:03:22 [WARNING] [cache] Cache miss (3245ms)
2025-10-15 01:17:22 [ERROR] [auth] Request processed successfully (2157ms)
2025-10-15 20:24:22 [ERROR] [auth] Connection timeout (3528ms)
2025-10-15 04:05:22 [ERROR] [api] Connection timeout (2800ms)
2025-10-15 16:11:22 [ERROR] [queue] Service started (4532ms)
2025-10-15 20:32:22 [ERROR] [database] Memory usage high (3355ms)
2025-10-15 07:43:22 [INFO] [queue] Invalid credentials (1552ms)
2025-10-15 20:54:22 [DEBUG] [queue] Database query executed (3581ms)
2025-10-14 23:58:22 [ERROR] [queue] Request processed successfully (2055ms)
2025-10-15 14:04:22 [WARNING] [api] Invalid credentials (3909ms)
2025-10-15 13:15:22 [WARNING] [auth] Disk space low (2504ms)
2025-10-15 03:16:22 [INFO] [api] Service started (3019ms)
2025-10-15 12:25:22 [INFO] [cache] Memory usage high (89ms)
2025-10-15 16:16:22 [INFO] [auth] Cache miss (143ms)
2025-10-15 19:41:22 [WARNING] [database] Connection timeout (816ms)
2025-10-15 19:28:22 [INFO] [api] Invalid credentials (142ms)
2025-10-15 17:41:22 [ERROR] [database] Rate limit exceeded (1508ms)
2025-10-15 17:47:22 [INFO] [api] Connection timeout (3267ms)
2025-10-15 17:43:22 [WARNING] [database] Database query executed (3576ms)
2025-10-15 03:13:22 [INFO] [cache] Disk space low (1572ms)
2025-10-15 01:25:22 [INFO] [cache] Rate limit exceeded (227ms)
2025-10-15 10:01:22 [WARNING] [database] Cache miss (1088ms)
2025-10-15 00:30:22 [ERROR] [queue] Service started (1002ms)
2025-10-15 18:55:22 [ERROR] [database] Request processed successfully (2710ms)
2025-10-15 02:44:22 [DEBUG] [auth] Invalid credentials (4229ms)
2025-10-15 00:49:22 [INFO] [api] Rate limit exceeded (1676ms)
2025-10-15 22:27:22 [DEBUG] [api] Request processed successfully (4319ms)
2025-10-15 20:00:22 [ERROR] [database] Database query executed (213ms)
2025-10-15 21:29:22 [DEBUG] [cache] Request processed successfully (4410ms)
2025-10-15 13:35:22 [WARNING] [api] Request processed successfully (3168ms)
2025-10-15 16:22:22 [DEBUG] [queue] Invalid credentials (4432ms)
2025-10-15 08:27:22 [ERROR] [api] Cache miss (3792ms)
2025-10-15 01:13:22 [ERROR] [auth] Memory usage high (596ms)
2025-10-15 00:51:22 [ERROR] [cache] Disk space low (3462ms)
2025-10-15 16:32:22 [DEBUG] [queue] Cache miss (1676ms)
2025-10-15 14:21:22 [INFO] [cache] Connection timeout (1501ms)
2025-10-15 18:58:22 [INFO] [database] Rate limit exceeded (364ms)
2025-10-15 03:10:22 [ERROR] [database] Memory usage high (4597ms)
2025-10-15 02:46:22 [DEBUG] [queue] Connection timeout (4434ms)
2025-10-15 08:53:22 [DEBUG] [api] Cache miss (2769ms)
2025-10-15 10:58:22 [DEBUG] [cache] Service started (2450ms)
2025-10-15 19:13:22 [ERROR] [auth] Database query executed (178ms)
2025-10-15 11:26:22 [ERROR] [database] Invalid credentials (75ms)
2025-10-14 23:17:22 [INFO] [auth] Service stopped (1792ms)
2025-10-15 18:41:22 [ERROR] [api] Cache miss (1899ms)
2025-10-15 22:46:22 [INFO] [database] Service stopped (795ms)
2025-10-15 00:40:22 [DEBUG] [queue] Memory usage high (3787ms)
2025-10-15 19:47:22 [WARNING] [queue] Service started (2330ms)
2025-10-15 08:47:22 [DEBUG] [database] Disk space low (894ms)
2025-10-15 07:06:22 [DEBUG] [database] Request processed successfully (2811ms)
2025-10-15 19:47:22 [DEBUG] [cache] Memory usage high (561ms)
2025-10-15 06:58:22 [ERROR] [queue] Memory usage high (1587ms)
2025-10-15 08:09:22 [WARNING] [api] Memory usage high (3331ms)
2025-10-15 17:01:22 [ERROR] [queue] Service started (2465ms)
2025-10-15 19:36:22 [INFO] [database] Connection timeout (27ms)
2025-10-15 18:12:22 [INFO] [auth] Request processed successfully (2091ms)
2025-10-15 04:13:22 [DEBUG] [queue] Rate limit exceeded (3114ms)
2025-10-15 10:40:22 [DEBUG] [api] Service started (1455ms)
2025-10-15 17:55:22 [INFO] [auth] Memory usage high (1093ms)
2025-10-15 20:32:22 [ERROR] [auth] Memory usage high (2624ms)
2025-10-15 11:37:22 [INFO] [queue] Rate limit exceeded (727ms)
2025-10-15 12:47:22 [INFO] [database] Memory usage high (3341ms)
2025-10-15 00:27:22 [ERROR] [database] Rate limit exceeded (421ms)
2025-10-15 07:30:22 [INFO] [queue] Connection timeout (2711ms)
2025-10-14 22:48:22 [DEBUG] [database] Request processed successfully (731ms)
2025-10-15 09:38:22 [WARNING] [api] Invalid credentials (2151ms)
2025-10-15 05:41:22 [DEBUG] [api] Cache miss (950ms)
2025-10-15 15:38:22 [DEBUG] [database] Request processed successfully (3875ms)
2025-10-15 05:18:22 [INFO] [cache] Rate limit exceeded (572ms)
2025-10-15 06:50:22 [INFO] [auth] Disk space low (4351ms)
2025-10-15 02:02:22 [ERROR] [auth] Rate limit exceeded (1489ms)
2025-10-15 13:50:22 [ERROR] [queue] Database query executed (202ms)
2025-10-15 18:30:22 [INFO] [auth] Memory usage high (1059ms)
2025-10-15 09:41:22 [DEBUG] [cache] Memory usage high (1362ms)
2025-10-15 10:03:22 [ERROR] [queue] Rate limit exceeded (4590ms)
2025-10-15 12:46:22 [INFO] [queue] Service stopped (4264ms)
2025-10-15 12:22:22 [WARNING] [auth] Service started (302ms)
2025-10-15 11:30:22 [INFO] [database] Connection timeout (1570ms)
2025-10-15 00:42:22 [INFO] [api] Service stopped (354ms)
2025-10-15 13:09:22 [DEBUG] [database] Service started (4822ms)
2025-10-15 17:32:22 [INFO] [database] Rate limit exceeded (4577ms)
2025-10-15 00:55:22 [ERROR] [api] Rate limit exceeded (4400ms)
2025-10-15 21:22:22 [WARNING] [api] Memory usage high (2667ms)
2025-10-15 14:18:22 [INFO] [cache] Service stopped (4337ms)
2025-10-15 02:00:22 [WARNING] [cache] Connection timeout (3060ms)
2025-10-15 05:44:22 [WARNING] [queue] Service stopped (767ms)
2025-10-15 07:21:22 [WARNING] [auth] Rate limit exceeded (628ms)
2025-10-14 23:19:22 [WARNING] [cache] Service stopped (631ms)
2025-10-15 01:50:22 [WARNING] [api] Disk space low (3109ms)
2025-10-15 16:21:22 [INFO] [database] Service stopped (1703ms)
2025-10-14 23:45:22 [DEBUG] [api] Database query executed (2647ms)
2025-10-15 10:02:22 [WARNING] [queue] Database query executed (2995ms)
2025-10-15 17:03:22 [WARNING] [auth] Rate limit exceeded (684ms)
2025-10-15 17:08:22 [DEBUG] [api] Connection timeout (148ms)
2025-10-15 08:17:22 [DEBUG] [api] Service stopped (934ms)
2025-10-15 10:03:22 [DEBUG] [auth] Connection timeout (3331ms)
2025-10-15 07:27:22 [WARNING] [cache] Database query executed (4959ms)
2025-10-15 06:42:22 [ERROR] [cache] Request processed successfully (226ms)
2025-10-15 11:42:22 [WARNING] [cache] Service stopped (1346ms)
2025-10-15 22:39:22 [INFO] [api] Invalid credentials (4535ms)
2025-10-15 11:34:22 [DEBUG] [auth] Rate limit exceeded (3922ms)
2025-10-15 05:38:22 [INFO] [cache] Memory usage high (1875ms)
2025-10-15 17:36:22 [INFO] [queue] Database query executed (3788ms)
2025-10-15 11:56:22 [INFO] [database] Cache miss (2732ms)
2025-10-15 21:09:22 [ERROR] [api] Request processed successfully (3360ms)
2025-10-15 14:37:22 [DEBUG] [api] Service stopped (2428ms)
2025-10-15 21:38:22 [INFO] [queue] Service started (1269ms)
2025-10-15 10:07:22 [WARNING] [api] Disk space low (1964ms)
2025-10-15 05:32:22 [WARNING] [auth] Service stopped (4549ms)
2025-10-15 11:21:22 [ERROR] [cache] Rate limit exceeded (2823ms)
2025-10-15 18:44:22 [WARNING] [api] Service started (924ms)
2025-10-15 02:08:22 [INFO] [cache] Memory usage high (3788ms)
2025-10-15 16:38:22 [WARNING] [auth] Cache miss (1461ms)
2025-10-15 09:22:22 [WARNING] [cache] Cache miss (360ms)
2025-10-15 15:01:22 [ERROR] [database] Invalid credentials (918ms)
2025-10-15 15:51:22 [INFO] [auth] Request processed successfully (2000ms)
2025-10-15 21:37:22 [DEBUG] [queue] Memory usage high (863ms)
2025-10-15 08:23:22 [WARNING] [cache] Database query executed (3485ms)
2025-10-15 11:19:22 [DEBUG] [cache] Invalid credentials (1041ms)
2025-10-15 20:01:22 [DEBUG] [database] Cache miss (4840ms)
2025-10-15 14:50:22 [WARNING] [api] Request processed successfully (4282ms)
2025-10-15 09:24:22 [INFO] [cache] Request processed successfully (3942ms)
2025-10-15 03:39:22 [INFO] [cache] Disk space low (3659ms)
2025-10-15 12:20:22 [DEBUG] [cache] Disk space low (4163ms)
2025-10-15 16:14:22 [INFO] [database] Request processed successfully (4207ms)
2025-10-14 22:57:22 [DEBUG] [queue] Request processed successfully (4602ms)
2025-10-15 06:31:22 [WARNING] [queue] Service started (1999ms)
2025-10-14 23:12:22 [ERROR] [database] Request processed successfully (4330ms)
2025-10-15 06:07:22 [DEBUG] [api] Invalid credentials (1040ms)
2025-10-15 05:30:22 [ERROR] [api] Cache miss (4423ms)
2025-10-15 16:31:22 [DEBUG] [cache] Connection timeout (2760ms)
2025-10-15 18:12:22 [DEBUG] [auth] Cache miss (238ms)
2025-10-15 04:26:22 [DEBUG] [queue] Rate limit exceeded (373ms)
2025-10-15 11:21:22 [ERROR] [queue] Connection timeout (682ms)
2025-10-15 16:31:22 [INFO] [auth] Connection timeout (3597ms)
2025-10-15 01:36:22 [WARNING] [auth] Invalid credentials (4222ms)
2025-10-15 21:20:22 [WARNING] [queue] Disk space low (2310ms)
2025-10-15 14:04:22 [INFO] [cache] Invalid credentials (1079ms)
2025-10-15 00:18:22 [WARNING] [cache] Database query executed (1152ms)
2025-10-14 22:50:22 [INFO] [queue] Service stopped (1186ms)
2025-10-15 14:43:22 [ERROR] [cache] Connection timeout (1944ms)
2025-10-15 18:50:22 [WARNING] [database] Service started (1899ms)
2025-10-15 11:44:22 [INFO] [database] Disk space low (1007ms)
2025-10-15 09:13:22 [WARNING] [database] Database query executed (4151ms)
2025-10-15 16:17:22 [INFO] [api] Invalid credentials (192ms)
2025-10-15 20:07:22 [WARNING] [auth] Service started (2272ms)
2025-10-15 17:23:22 [WARNING] [auth] Service started (4185ms)
2025-10-15 21:38:22 [WARNING] [database] Database query executed (1419ms)
2025-10-15 13:21:22 [ERROR] [auth] Connection timeout (2732ms)
2025-10-15 12:16:22 [ERROR] [auth] Cache miss (4311ms)
2025-10-15 12:53:22 [DEBUG] [cache] Memory usage high (379ms)
2025-10-15 17:03:22 [DEBUG] [queue] Service started (1997ms)
2025-10-15 07:56:22 [INFO] [cache] Service started (2837ms)
2025-10-15 08:01:22 [DEBUG] [queue] Database query executed (2276ms)
2025-10-15 04:47:22 [WARNING] [cache] Request processed successfully (3970ms)
2025-10-15 00:23:22 [ERROR] [database] Service started (537ms)
2025-10-15 12:16:22 [ERROR] [api] Request processed successfully (2435ms)
2025-10-15 22:27:22 [DEBUG] [database] Disk space low (3514ms)
2025-10-15 10:57:22 [ERROR] [auth] Invalid credentials (1376ms)
2025-10-15 01:17:22 [INFO] [queue] Disk space low (1222ms)
2025-10-15 18:35:22 [DEBUG] [cache] Connection timeout (2718ms)
2025-10-15 03:25:22 [ERROR] [auth] Connection timeout (2577ms)
2025-10-15 12:25:22 [WARNING] [cache] Invalid credentials (4783ms)
2025-10-15 04:16:22 [DEBUG] [queue] Cache miss (311ms)
2025-10-15 21:11:22 [ERROR] [api] Request processed successfully (3964ms)
2025-10-15 01:51:22 [ERROR] [cache] Service started (4193ms)
2025-10-15 07:36:22 [ERROR] [database] Invalid credentials (2036ms)
2025-10-15 16:23:22 [INFO] [queue] Rate limit exceeded (2724ms)
2025-10-15 06:37:22 [DEBUG] [auth] Database query executed (2802ms)
2025-10-15 02:47:22 [ERROR] [cache] Cache miss (3028ms)
2025-10-14 23:59:22 [INFO] [api] Database query executed (1645ms)
2025-10-15 11:34:22 [DEBUG] [cache] Service started (2289ms)
2025-10-15 00:47:22 [DEBUG] [database] Memory usage high (3404ms)
2025-10-15 16:17:22 [ERROR] [queue] Invalid credentials (287ms)
2025-10-15 21:33:22 [ERROR] [database] Service started (3957ms)
2025-10-15 12:13:22 [WARNING] [auth] Rate limit exceeded (1367ms)
2025-10-15 09:23:22 [ERROR] [auth] Database query executed (421ms)
2025-10-15 06:36:22 [INFO] [queue] Service stopped (883ms)
2025-10-15 13:59:22 [DEBUG] [cache] Connection timeout (1144ms)
2025-10-15 01:21:22 [INFO] [auth] Request processed successfully (2414ms)
2025-10-15 19:38:22 [INFO] [auth] Disk space low (613ms)
2025-10-15 00:58:22 [ERROR] [api] Connection timeout (1987ms)
2025-10-15 03:54:22 [DEBUG] [queue] Invalid credentials (770ms)
2025-10-15 17:48:22 [ERROR] [auth] Invalid credentials (2807ms)
2025-10-15 10:27:22 [INFO] [cache] Memory usage high (1170ms)
2025-10-15 19:09:22 [INFO] [auth] Invalid credentials (4034ms)
2025-10-15 22:40:22 [INFO] [database] Disk space low (763ms)
2025-10-15 17:13:22 [ERROR] [api] Database query executed (1510ms)
2025-10-15 14:01:22 [ERROR] [api] Service started (2203ms)
2025-10-15 10:26:22 [INFO] [queue] Rate limit exceeded (683ms)
2025-10-15 12:49:22 [DEBUG] [api] Disk space low (4292ms)
2025-10-15 17:51:22 [WARNING] [queue] Service stopped (2195ms)
2025-10-15 20:07:22 [DEBUG] [api] Invalid credentials (4787ms)
2025-10-15 17:49:22 [ERROR] [database] Service stopped (4777ms)
2025-10-15 03:23:22 [DEBUG] [database] Database query executed (1246ms)
2025-10-15 08:59:22 [INFO] [queue] Connection timeout (2983ms)
2025-10-15 04:44:22 [DEBUG] [database] Service stopped (2855ms)
2025-10-15 03:26:22 [DEBUG] [cache] Request processed successfully (2687ms)
2025-10-15 02:03:22 [ERROR] [cache] Cache miss (4668ms)
2025-10-14 23:50:22 [ERROR] [queue] Connection timeout (41ms)
2025-10-15 08:43:22 [WARNING] [cache] Service stopped (116ms)
2025-10-15 16:00:22 [ERROR] [database] Request processed successfully (3786ms)
2025-10-15 16:52:22 [DEBUG] [cache] Connection timeout (3931ms)
2025-10-15 03:34:22 [INFO] [api] Request processed successfully (4472ms)
2025-10-15 11:12:22 [DEBUG] [auth] Cache miss (1263ms)
2025-10-15 04:42:22 [INFO] [cache] Service started (2088ms)
2025-10-15 02:42:22 [ERROR] [auth] Invalid credentials (3538ms)
2025-10-15 02:22:22 [WARNING] [queue] Cache miss (4049ms)
2025-10-15 11:20:22 [WARNING] [api] Request processed successfully (963ms)
2025-10-15 15:58:22 [INFO] [api] Memory usage high (1498ms)
2025-10-15 06:07:22 [DEBUG] [queue] Memory usage high (2154ms)
2025-10-15 05:45:22 [INFO] [auth] Database query executed (1698ms)
2025-10-15 03:23:22 [INFO] [database] Connection timeout (3485ms)
2025-10-15 07:06:22 [INFO] [queue] Rate limit exceeded (2576ms)
2025-10-15 19:54:22 [WARNING] [cache] Service started (1902ms)
2025-10-15 15:07:22 [ERROR] [api] Connection timeout (1659ms)
2025-10-15 11:42:22 [INFO] [api] Rate limit exceeded (3596ms)
2025-10-15 22:40:22 [ERROR] [cache] Memory usage high (527ms)
2025-10-15 16:16:22 [ERROR] [api] Request processed successfully (2902ms)
2025-10-15 16:29:22 [INFO] [database] Cache miss (3053ms)
2025-10-15 02:54:22 [DEBUG] [api] Connection timeout (2016ms)
2025-10-15 16:38:22 [ERROR] [database] Memory usage high (3027ms)
2025-10-15 07:49:22 [WARNING] [queue] Connection timeout (2116ms)
2025-10-15 06:23:22 [INFO] [api] Connection timeout (4712ms)
2025-10-15 11:30:22 [INFO] [cache] Database query executed (3280ms)
2025-10-15 09:05:22 [ERROR] [auth] Service started (337ms)
2025-10-15 22:01:22 [ERROR] [api] Memory usage high (4228ms)
2025-10-15 14:42:22 [INFO] [auth] Request processed successfully (1410ms)
2025-10-14 23:29:22 [INFO] [auth] Invalid credentials (3558ms)
2025-10-15 04:21:22 [DEBUG] [queue] Request processed successfully (4483ms)
2025-10-15 08:23:22 [ERROR] [database] Service stopped (4217ms)
2025-10-15 07:39:22 [INFO] [auth] Connection timeout (4161ms)
2025-10-14 23:31:22 [WARNING] [database] Connection timeout (4128ms)
2025-10-15 13:49:22 [ERROR] [auth] Invalid credentials (2652ms)
2025-10-15 09:48:22 [DEBUG] [queue] Rate limit exceeded (4354ms)
2025-10-15 21:34:22 [WARNING] [cache] Cache miss (555ms)
2025-10-15 18:53:22 [WARNING] [auth] Disk space low (3635ms)
2025-10-15 09:42:22 [INFO] [database] Invalid credentials (2520ms)
2025-10-15 13:01:22 [ERROR] [database] Request processed successfully (586ms)
2025-10-15 03:34:22 [DEBUG] [api] Database query executed (464ms)
2025-10-15 14:05:22 [WARNING] [queue] Cache miss (4970ms)
2025-10-15 14:11:22 [WARNING] [cache] Disk space low (2511ms)
2025-10-15 00:09:22 [DEBUG] [database] Rate limit exceeded (4585ms)
2025-10-15 08:39:22 [WARNING] [database] Service started (405ms)
2025-10-15 10:15:22 [WARNING] [queue] Memory usage high (3689ms)
2025-10-15 04:50:22 [ERROR] [cache] Rate limit exceeded (4390ms)
2025-10-15 10:24:22 [DEBUG] [queue] Connection timeout (491ms)
2025-10-14 23:45:22 [WARNING] [queue] Rate limit exceeded (4150ms)
2025-10-15 02:17:22 [DEBUG] [api] Invalid credentials (1555ms)
2025-10-14 23:20:22 [DEBUG] [cache] Connection timeout (868ms)
2025-10-14 22:57:22 [INFO] [auth] Memory usage high (2412ms)
2025-10-15 15:27:22 [WARNING] [database] Database query executed (4759ms)
2025-10-15 03:44:22 [ERROR] [database] Cache miss (4768ms)
2025-10-15 11:02:22 [DEBUG] [cache] Invalid credentials (875ms)
2025-10-15 10:21:22 [DEBUG] [cache] Request processed successfully (1121ms)
2025-10-14 23:55:22 [ERROR] [api] Database query executed (2897ms)
2025-10-15 21:30:22 [DEBUG] [database] Request processed successfully (1448ms)
2025-10-15 17:20:22 [ERROR] [queue] Invalid credentials (2423ms)
2025-10-15 09:03:22 [INFO] [database] Disk space low (3233ms)
2025-10-15 10:45:22 [WARNING] [queue] Request processed successfully (1358ms)
2025-10-15 06:59:22 [DEBUG] [auth] Invalid credentials (4110ms)
2025-10-15 21:43:22 [DEBUG] [cache] Memory usage high (3363ms)
2025-10-15 13:52:22 [WARNING] [queue] Request processed successfully (373ms)
2025-10-15 14:33:22 [WARNING] [queue] Request processed successfully (2677ms)
2025-10-15 01:26:22 [DEBUG] [api] Invalid credentials (2648ms)
2025-10-15 03:28:22 [ERROR] [database] Database query executed (2718ms)
2025-10-15 03:35:22 [INFO] [api] Memory usage high (4970ms)
2025-10-15 18:42:22 [WARNING] [database] Connection timeout (660ms)
2025-10-15 14:38:22 [DEBUG] [cache] Service started (2453ms)
2025-10-15 06:05:22 [DEBUG] [cache] Memory usage high (1566ms)
2025-10-15 08:23:22 [DEBUG] [queue] Connection timeout (4774ms)
2025-10-15 21:27:22 [WARNING] [api] Memory usage high (1617ms)
2025-10-15 14:40:22 [ERROR] [database] Disk space low (1542ms)
2025-10-15 21:43:22 [ERROR] [database] Invalid credentials (879ms)
2025-10-15 19:49:22 [INFO] [cache] Memory usage high (598ms)
2025-10-15 22:04:22 [ERROR] [database] Service stopped (4266ms)
2025-10-15 21:03:22 [DEBUG] [auth] Connection timeout (1237ms)
2025-10-15 20:07:22 [ERROR] [queue] Disk space low (3011ms)
2025-10-15 08:45:22 [INFO] [queue] Memory usage high (2566ms)
2025-10-15 06:36:22 [ERROR] [api] Service stopped (714ms)
2025-10-15 16:55:22 [ERROR] [queue] Cache miss (429ms)
2025-10-15 03:43:22 [WARNING] [cache] Rate limit exceeded (4686ms)
2025-10-15 15:21:22 [INFO] [cache] Rate limit exceeded (2632ms)
2025-10-15 05:05:22 [INFO] [cache] Cache miss (408ms)
2025-10-15 01:53:22 [ERROR] [auth] Memory usage high (2856ms)
2025-10-15 09:46:22 [INFO] [api] Disk space low (3187ms)
2025-10-15 11:27:22 [DEBUG] [database] Disk space low (1933ms)
2025-10-15 15:15:22 [ERROR] [cache] Memory usage high (2752ms)
2025-10-15 11:49:22 [DEBUG] [cache] Database query executed (4079ms)
2025-10-15 02:40:22 [ERROR] [queue] Request processed successfully (2010ms)
2025-10-14 23:40:22 [ERROR] [auth] Disk space low (2281ms)
2025-10-15 17:18:22 [DEBUG] [queue] Service stopped (2107ms)
2025-10-15 22:03:22 [INFO] [auth] Cache miss (827ms)
2025-10-15 07:40:22 [INFO] [queue] Memory usage high (522ms)
2025-10-15 13:20:22 [WARNING] [api] Invalid credentials (1779ms)
2025-10-15 21:02:22 [DEBUG] [database] Rate limit exceeded (3204ms)
2025-10-15 17:26:22 [ERROR] [auth] Rate limit exceeded (4298ms)
2025-10-15 12:43:22 [DEBUG] [auth] Cache miss (1864ms)
2025-10-14 23:22:22 [WARNING] [auth] Cache miss (2835ms)
2025-10-15 11:46:22 [WARNING] [cache] Request processed successfully (1347ms)
2025-10-15 13:30:22 [WARNING] [database] Database query executed (1332ms)
2025-10-15 11:18:22 [WARNING] [database] Disk space low (4298ms)
2025-10-14 23:18:22 [WARNING] [auth] Rate limit exceeded (250ms)
2025-10-15 01:17:22 [DEBUG] [cache] Invalid credentials (2579ms)
2025-10-15 09:19:22 [WARNING] [queue] Request processed successfully (1690ms)
2025-10-15 15:18:22 [WARNING] [api] Rate limit exceeded (675ms)
2025-10-15 03:21:22 [ERROR] [auth] Disk space low (3262ms)
2025-10-15 01:08:22 [DEBUG] [cache] Database query executed (3580ms)
2025-10-15 10:12:22 [WARNING] [cache] Service started (1756ms)
2025-10-15 20:05:22 [WARNING] [cache] Cache miss (2924ms)
2025-10-15 10:31:22 [DEBUG] [cache] Database query executed (817ms)
2025-10-15 06:28:22 [ERROR] [database] Invalid credentials (1135ms)
2025-10-15 07:24:22 [DEBUG] [cache] Connection timeout (4042ms)
2025-10-15 04:50:22 [WARNING] [auth] Cache miss (49ms)
2025-10-15 22:34:22 [DEBUG] [database] Database query executed (1913ms)
2025-10-15 19:02:22 [ERROR] [auth] Rate limit exceeded (2069ms)
2025-10-14 23:07:22 [INFO] [database] Service started (656ms)
2025-10-15 18:23:22 [INFO] [auth] Disk space low (3593ms)
2025-10-15 01:03:22 [ERROR] [api] Memory usage high (1587ms)
2025-10-15 22:28:22 [DEBUG] [api] Service started (2422ms)
2025-10-15 09:55:22 [ERROR] [api] Invalid credentials (1426ms)
2025-10-15 12:53:22 [INFO] [queue] Invalid credentials (3732ms)
2025-10-14 23:37:22 [WARNING] [cache] Service stopped (4623ms)
2025-10-15 03:23:22 [WARNING] [api] Request processed successfully (3300ms)
2025-10-15 01:51:22 [WARNING] [api] Service started (3462ms)
2025-10-15 14:01:22 [ERROR] [auth] Memory usage high (1951ms)
2025-10-15 08:36:22 [DEBUG] [auth] Disk space low (1072ms)
2025-10-15 07:58:22 [INFO] [api] Connection timeout (1901ms)
2025-10-15 09:31:22 [WARNING] [api] Invalid credentials (4525ms)
2025-10-15 00:13:22 [ERROR] [cache] Invalid credentials (453ms)
2025-10-15 09:32:22 [INFO] [api] Disk space low (187ms)
2025-10-15 17:44:22 [WARNING] [auth] Memory usage high (1517ms)
2025-10-15 03:50:22 [ERROR] [api] Memory usage high (2675ms)
2025-10-15 06:52:22 [ERROR] [auth] Database query executed (1409ms)
2025-10-15 08:07:22 [WARNING] [api] Cache miss (601ms)
2025-10-15 13:09:22 [ERROR] [cache] Cache miss (4100ms)
2025-10-15 17:03:22 [DEBUG] [database] Disk space low (4835ms)
2025-10-15 18:47:22 [WARNING] [auth] Memory usage high (170ms)
2025-10-15 12:30:22 [WARNING] [database] Invalid credentials (2364ms)
2025-10-15 11:25:22 [DEBUG] [cache] Connection timeout (2342ms)
2025-10-15 07:33:22 [INFO] [database] Disk space low (4849ms)
2025-10-14 23:35:22 [WARNING] [api] Disk space low (383ms)
2025-10-15 03:58:22 [ERROR] [cache] Invalid credentials (2834ms)
2025-10-15 19:22:22 [ERROR] [database] Request processed successfully (2310ms)
2025-10-15 04:23:22 [WARNING] [auth] Rate limit exceeded (683ms)
2025-10-15 19:22:22 [INFO] [auth] Memory usage high (1870ms)
2025-10-15 07:46:22 [WARNING] [queue] Rate limit exceeded (2688ms)
2025-10-15 00:59:22 [INFO] [auth] Request processed successfully (3787ms)
2025-10-15 04:37:22 [INFO] [queue] Request processed successfully (4982ms)
2025-10-15 12:04:22 [DEBUG] [auth] Disk space low (408ms)
2025-10-15 13:13:22 [DEBUG] [auth] Memory usage high (824ms)
2025-10-15 22:12:22 [ERROR] [auth] Memory usage high (3624ms)
2025-10-15 04:44:22 [INFO] [database] Memory usage high (987ms)
2025-10-15 01:42:22 [ERROR] [cache] Disk space low (1138ms)
2025-10-15 13:07:22 [WARNING] [queue] Rate limit exceeded (906ms)
2025-10-15 02:57:22 [INFO] [database] Service stopped (1817ms)
2025-10-15 17:18:22 [INFO] [auth] Cache miss (690ms)
2025-10-15 06:42:22 [INFO] [queue] Database query executed (2849ms)
2025-10-15 21:55:22 [ERROR] [database] Rate limit exceeded (2442ms)
2025-10-15 20:31:22 [INFO] [cache] Cache miss (2041ms)
2025-10-14 23:20:22 [INFO] [auth] Cache miss (2365ms)
2025-10-15 02:04:22 [WARNING] [cache] Connection timeout (3912ms)
2025-10-15 03:38:22 [DEBUG] [auth] Disk space low (922ms)
2025-10-15 16:29:22 [WARNING] [cache] Disk space low (4141ms)
2025-10-15 07:18:22 [DEBUG] [auth] Request processed successfully (160ms)
2025-10-15 03:10:22 [ERROR] [cache] Service started (1260ms)
2025-10-15 14:37:22 [WARNING] [auth] Cache miss (170ms)
2025-10-15 17:54:22 [ERROR] [cache] Invalid credentials (218ms)
2025-10-15 21:38:22 [DEBUG] [database] Service started (188ms)
2025-10-15 18:25:22 [ERROR] [api] Request processed successfully (1121ms)
2025-10-15 06:43:22 [INFO] [queue] Connection timeout (2577ms)
2025-10-15 06:31:22 [INFO] [auth] Database query executed (516ms)
2025-10-15 22:07:22 [ERROR] [database] Memory usage high (1043ms)
2025-10-15 06:24:22 [DEBUG] [queue] Cache miss (125ms)
2025-10-15 02:51:22 [WARNING] [cache] Cache miss (4212ms)
2025-10-15 18:11:22 [WARNING] [cache] Rate limit exceeded (1391ms)
2025-10-15 08:43:22 [INFO] [auth] Invalid credentials (3838ms)
2025-10-15 06:20:22 [ERROR] [auth] Rate limit exceeded (1171ms)
2025-10-15 18:39:22 [ERROR] [queue] Invalid credentials (3324ms)
2025-10-15 16:14:22 [DEBUG] [auth] Service stopped (4305ms)
2025-10-15 16:23:22 [ERROR] [cache] Invalid credentials (2021ms)
2025-10-15 19:32:22 [ERROR] [api] Cache miss (3007ms)
2025-10-15 06:05:22 [INFO] [api] Disk space low (758ms)
2025-10-15 05:06:22 [INFO] [database] Memory usage high (1502ms)
2025-10-15 22:46:22 [INFO] [cache] Database query executed (4407ms)
2025-10-15 06:58:22 [WARNING] [cache] Service started (4218ms)
2025-10-15 02:54:22 [DEBUG] [api] Memory usage high (3856ms)
2025-10-15 00:15:22 [DEBUG] [cache] Service started (1912ms)
2025-10-15 09:56:22 [WARNING] [api] Database query executed (3339ms)
2025-10-15 11:42:22 [ERROR] [cache] Rate limit exceeded (1995ms)
2025-10-14 22:57:22 [INFO] [database] Rate limit exceeded (4292ms)
2025-10-15 04:24:22 [ERROR] [database] Database query executed (2700ms)
2025-10-15 15:36:22 [INFO] [auth] Disk space low (1234ms)
2025-10-15 16:47:22 [INFO] [cache] Service started (3071ms)
2025-10-14 23:51:22 [WARNING] [database] Service started (1111ms)
2025-10-15 10:24:22 [WARNING] [queue] Request processed successfully (4538ms)
2025-10-15 10:18:22 [INFO] [auth] Connection timeout (196ms)
2025-10-15 06:04:22 [WARNING] [auth] Invalid credentials (1761ms)
2025-10-14 23:27:22 [WARNING] [cache] Invalid credentials (3865ms)
2025-10-15 09:53:22 [INFO] [cache] Invalid credentials (4894ms)
2025-10-15 22:40:22 [ERROR] [api] Database query executed (4276ms)
2025-10-15 11:06:22 [INFO] [auth] Disk space low (261ms)
2025-10-15 17:20:22 [DEBUG] [auth] Invalid credentials (1732ms)
2025-10-15 07:48:22 [WARNING] [queue] Request processed successfully (3100ms)
2025-10-15 15:26:22 [ERROR] [database] Service stopped (3342ms)
2025-10-15 14:32:22 [WARNING] [api] Database query executed (3954ms)
2025-10-15 11:44:22 [INFO] [queue] Invalid credentials (4273ms)
2025-10-15 08:20:22 [ERROR] [queue] Database query executed (4247ms)
2025-10-15 13:38:22 [INFO] [database] Rate limit exceeded (1524ms)
2025-10-14 23:20:22 [WARNING] [api] Invalid credentials (4330ms)
2025-10-15 14:22:22 [INFO] [cache] Request processed successfully (2907ms)
2025-10-15 11:54:22 [INFO] [database] Request processed successfully (681ms)
2025-10-15 21:29:22 [ERROR] [auth] Connection timeout (545ms)
2025-10-15 02:42:22 [ERROR] [database] Invalid credentials (2339ms)
2025-10-15 02:00:22 [DEBUG] [database] Memory usage high (4679ms)
2025-10-15 04:27:22 [WARNING] [api] Service started (1846ms)
2025-10-15 22:39:22 [ERROR] [database] Service started (2255ms)
2025-10-15 11:09:22 [INFO] [queue] Disk space low (1474ms)
2025-10-15 16:25:22 [ERROR] [api] Service started (3798ms)
2025-10-15 02:26:22 [DEBUG] [api] Memory usage high (4148ms)
2025-10-15 18:55:22 [DEBUG] [cache] Cache miss (3772ms)
2025-10-15 02:50:22 [INFO] [cache] Memory usage high (1868ms)
2025-10-15 15:21:22 [INFO] [cache] Disk space low (1125ms)
2025-10-15 00:44:22 [ERROR] [auth] Cache miss (2061ms)
2025-10-14 23:01:22 [INFO] [queue] Rate limit exceeded (2312ms)
2025-10-15 09:56:22 [ERROR] [auth] Rate limit exceeded (4124ms)
2025-10-14 23:12:22 [WARNING] [queue] Invalid credentials (3181ms)
2025-10-15 14:09:22 [WARNING] [api] Connection timeout (994ms)
2025-10-15 07:51:22 [ERROR] [auth] Connection timeout (2667ms)
2025-10-15 04:11:22 [DEBUG] [auth] Service stopped (3248ms)
2025-10-15 00:07:22 [WARNING] [auth] Cache miss (2187ms)
2025-10-15 17:16:22 [WARNING] [database] Cache miss (623ms)
2025-10-14 23:38:22 [WARNING] [api] Service stopped (4095ms)
2025-10-15 03:16:22 [WARNING] [queue] Database query executed (3981ms)
2025-10-15 00:33:22 [ERROR] [queue] Cache miss (3140ms)
2025-10-15 01:13:22 [ERROR] [api] Service stopped (4434ms)
2025-10-14 23:05:22 [WARNING] [cache] Request processed successfully (969ms)
2025-10-15 00:05:22 [DEBUG] [queue] Service started (74ms)
2025-10-15 21:20:22 [DEBUG] [api] Invalid credentials (1668ms)
2025-10-15 15:30:22 [DEBUG] [cache] Connection timeout (592ms)
2025-10-15 06:35:22 [DEBUG] [cache] Request processed successfully (2331ms)
2025-10-15 14:44:22 [DEBUG] [auth] Invalid credentials (669ms)
2025-10-14 22:54:22 [WARNING] [database] Rate limit exceeded (2439ms)
2025-10-15 13:17:22 [INFO] [auth] Connection timeout (4231ms)
2025-10-15 02:17:22 [DEBUG] [database] Rate limit exceeded (2823ms)
2025-10-15 10:56:22 [WARNING] [auth] Database query executed (952ms)
2025-10-15 13:59:22 [ERROR] [queue] Database query executed (4882ms)
2025-10-15 11:20:22 [WARNING] [queue] Memory usage high (4326ms)
2025-10-15 01:45:22 [WARNING] [auth] Service stopped (514ms)
2025-10-15 18:15:22 [DEBUG] [api] Database query executed (4331ms)
2025-10-15 00:30:22 [DEBUG] [cache] Service stopped (852ms)
2025-10-15 08:17:22 [INFO] [database] Database query executed (373ms)
2025-10-15 10:06:22 [WARNING] [cache] Request processed successfully (2652ms)
2025-10-14 23:25:22 [WARNING] [auth] Connection timeout (3497ms)
2025-10-14 23:21:22 [INFO] [api] Connection timeout (3371ms)
2025-10-14 23:03:22 [INFO] [cache] Connection timeout (3758ms)
2025-10-15 18:20:22 [INFO] [queue] Memory usage high (676ms)
2025-10-15 20:35:22 [INFO] [api] Connection timeout (364ms)
2025-10-15 21:13:22 [ERROR] [cache] Service stopped (508ms)
2025-10-15 00:18:22 [ERROR] [auth] Cache miss (716ms)
2025-10-15 08:49:22 [WARNING] [api] Disk space low (4054ms)
2025-10-15 01:27:22 [DEBUG] [api] Cache miss (310ms)
2025-10-15 21:42:22 [INFO] [api] Memory usage high (4520ms)
2025-10-15 11:28:22 [INFO] [api] Disk space low (1350ms)
2025-10-15 16:08:22 [DEBUG] [auth] Memory usage high (4075ms)
2025-10-15 15:44:22 [ERROR] [cache] Rate limit exceeded (1217ms)
2025-10-15 21:01:22 [WARNING] [auth] Database query executed (916ms)
2025-10-15 19:48:22 [INFO] [database] Memory usage high (3510ms)
2025-10-15 20:42:22 [INFO] [auth] Rate limit exceeded (207ms)
2025-10-15 00:15:22 [ERROR] [api] Service started (503ms)
2025-10-15 08:36:22 [ERROR] [api] Disk space low (2992ms)
2025-10-15 06:56:22 [WARNING] [auth] Database query executed (861ms)
2025-10-15 18:09:22 [WARNING] [auth] Disk space low (1781ms)
2025-10-15 13:00:22 [ERROR] [api] Service stopped (3886ms)
2025-10-14 22:51:22 [WARNING] [queue] Connection timeout (3752ms)
2025-10-15 10:51:22 [DEBUG] [cache] Request processed successfully (3069ms)
2025-10-15 06:16:22 [WARNING] [queue] Database query executed (1765ms)
2025-10-15 04:01:22 [ERROR] [cache] Cache miss (720ms)
2025-10-14 23:40:22 [INFO] [database] Request processed successfully (1751ms)
2025-10-15 18:03:22 [DEBUG] [queue] Invalid credentials (4092ms)
2025-10-15 16:01:22 [ERROR] [api] Service started (4872ms)
2025-10-15 15:15:22 [ERROR] [cache] Database query executed (2008ms)
2025-10-15 01:36:22 [DEBUG] [cache] Service stopped (2609ms)
2025-10-15 01:54:22 [WARNING] [auth] Service started (824ms)
2025-10-15 10:10:22 [INFO] [auth] Service stopped (1746ms)
2025-10-15 12:58:22 [WARNING] [api] Invalid credentials (3478ms)
2025-10-15 06:00:22 [WARNING] [api] Database query executed (4008ms)
2025-10-15 03:02:22 [INFO] [queue] Rate limit exceeded (3550ms)
2025-10-15 13:18:22 [WARNING] [auth] Service stopped (2066ms)
2025-10-15 20:21:22 [WARNING] [database] Invalid credentials (1193ms)
2025-10-15 14:16:22 [WARNING] [cache] Connection timeout (3822ms)
2025-10-15 21:54:22 [INFO] [api] Memory usage high (1118ms)
2025-10-15 02:22:22 [INFO] [cache] Service stopped (2977ms)
2025-10-15 13:02:22 [INFO] [auth] Memory usage high (1112ms)
2025-10-15 18:25:22 [DEBUG] [cache] Disk space low (4319ms)
2025-10-15 10:11:22 [INFO] [queue] Connection timeout (303ms)
2025-10-15 22:06:22 [ERROR] [auth] Rate limit exceeded (797ms)
2025-10-15 11:42:22 [WARNING] [api] Invalid credentials (3583ms)
2025-10-14 23:44:22 [DEBUG] [api] Service started (3049ms)
2025-10-15 21:03:22 [DEBUG] [auth] Service stopped (3183ms)
2025-10-15 18:25:22 [ERROR] [queue] Disk space low (1394ms)
2025-10-15 17:06:22 [DEBUG] [cache] Invalid credentials (2128ms)
2025-10-15 10:20:22 [INFO] [cache] Database query executed (3771ms)
2025-10-15 18:33:22 [WARNING] [cache] Service started (4743ms)
2025-10-14 22:54:22 [DEBUG] [database] Database query executed (235ms)
2025-10-15 10:02:22 [ERROR] [queue] Invalid credentials (1439ms)
2025-10-15 22:05:22 [INFO] [database] Rate limit exceeded (3998ms)
2025-10-15 19:41:22 [ERROR] [cache] Memory usage high (1578ms)
2025-10-15 10:42:22 [DEBUG] [cache] Disk space low (188ms)
2025-10-15 06:09:22 [DEBUG] [database] Cache miss (4262ms)
2025-10-15 16:42:22 [INFO] [queue] Invalid credentials (4667ms)
2025-10-15 03:58:22 [WARNING] [auth] Request processed successfully (3767ms)
2025-10-14 23:59:22 [ERROR] [queue] Rate limit exceeded (2919ms)
2025-10-15 05:46:22 [INFO] [queue] Service started (38ms)
2025-10-15 07:21:22 [DEBUG] [queue] Database query executed (1655ms)
2025-10-15 01:47:22 [ERROR] [api] Cache miss (2420ms)
2025-10-15 12:59:22 [ERROR] [auth] Service stopped (1302ms)
2025-10-15 14:24:22 [WARNING] [auth] Database query executed (4348ms)
2025-10-15 10:12:22 [ERROR] [api] Database query executed (4278ms)
2025-10-15 22:42:22 [ERROR] [auth] Service stopped (171ms)
2025-10-15 21:25:22 [ERROR] [queue] Rate limit exceeded (2726ms)
2025-10-15 09:22:22 [DEBUG] [auth] Cache miss (1066ms)
2025-10-15 09:59:22 [ERROR] [api] Database query executed (4000ms)
2025-10-15 05:11:22 [INFO] [api] Database query executed (3985ms)
2025-10-15 15:49:22 [DEBUG] [database] Connection timeout (962ms)
2025-10-15 11:09:22 [DEBUG] [cache] Cache miss (1359ms)
2025-10-15 00:33:22 [WARNING] [database] Database query executed (676ms)
2025-10-15 08:36:22 [ERROR] [queue] Service started (1581ms)
2025-10-15 17:15:22 [DEBUG] [queue] Disk space low (3370ms)
2025-10-15 21:16:22 [INFO] [database] Cache miss (2387ms)
2025-10-15 01:13:22 [WARNING] [cache] Database query executed (1866ms)
2025-10-15 03:35:22 [DEBUG] [api] Disk space low (1111ms)
2025-10-15 18:49:22 [DEBUG] [auth] Request processed successfully (2776ms)
2025-10-15 06:05:22 [WARNING] [api] Service started (2500ms)
2025-10-15 21:24:22 [WARNING] [auth] Rate limit exceeded (422ms)
2025-10-15 04:29:22 [DEBUG] [queue] Database query executed (1726ms)
2025-10-15 06:17:22 [WARNING] [auth] Invalid credentials (4123ms)
2025-10-15 05:51:22 [INFO] [auth] Connection timeout (3081ms)
2025-10-15 00:02:22 [ERROR] [database] Cache miss (2866ms)
2025-10-15 12:33:22 [DEBUG] [api] Service started (1303ms)
2025-10-15 02:22:22 [INFO] [api] Invalid credentials (4679ms)
2025-10-15 21:58:22 [DEBUG] [cache] Service started (3802ms)
2025-10-15 09:24:22 [ERROR] [cache] Database query executed (2005ms)
2025-10-15 07:05:22 [WARNING] [auth] Invalid credentials (2723ms)
2025-10-15 08:47:22 [INFO] [api] Connection timeout (1384ms)
2025-10-15 14:11:22 [ERROR] [database] Service started (2201ms)
2025-10-15 00:11:22 [ERROR] [auth] Cache miss (66ms)
2025-10-15 18:07:22 [DEBUG] [auth] Service started (3539ms)
2025-10-14 23:30:22 [DEBUG] [cache] Database query executed (2624ms)
2025-10-15 11:45:22 [DEBUG] [queue] Memory usage high (3896ms)
2025-10-15 00:55:22 [WARNING] [cache] Connection timeout (1241ms)
2025-10-15 13:21:22 [ERROR] [cache] Cache miss (3788ms)
2025-10-15 12:32:22 [WARNING] [database] Disk space low (4560ms)
2025-10-15 20:00:22 [ERROR] [cache] Database query executed (4406ms)
2025-10-15 03:14:22 [DEBUG] [cache] Memory usage high (2979ms)
2025-10-15 07:21:22 [INFO] [database] Invalid credentials (3035ms)
2025-10-15 00:42:22 [DEBUG] [queue] Request processed successfully (3912ms)
2025-10-15 00:46:22 [DEBUG] [queue] Request processed successfully (4817ms)
2025-10-15 02:53:22 [DEBUG] [cache] Database query executed (2414ms)
2025-10-15 02:37:22 [ERROR] [api] Service started (2647ms)
2025-10-15 03:13:22 [DEBUG] [queue] Invalid credentials (3014ms)
2025-10-15 13:49:22 [ERROR] [cache] Database query executed (809ms)
2025-10-15 03:31:22 [DEBUG] [api] Database query executed (1891ms)
2025-10-15 08:36:22 [DEBUG] [database] Database query executed (2359ms)
2025-10-15 13:25:22 [INFO] [database] Cache miss (3050ms)
2025-10-15 02:18:22 [WARNING] [cache] Disk space low (2162ms)
2025-10-15 20:27:22 [WARNING] [auth] Database query executed (2971ms)
2025-10-15 13:50:22 [ERROR] [queue] Request processed successfully (4684ms)
2025-10-15 13:04:22 [ERROR] [auth] Service stopped (1154ms)
2025-10-15 20:44:22 [DEBUG] [cache] Connection timeout (3772ms)
2025-10-15 12:43:22 [WARNING] [cache] Connection timeout (3148ms)
2025-10-15 10:14:22 [WARNING] [auth] Cache miss (3461ms)
2025-10-15 10:22:22 [DEBUG] [auth] Invalid credentials (1910ms)
2025-10-15 18:57:22 [ERROR] [queue] Database query executed (4907ms)
2025-10-15 13:53:22 [WARNING] [cache] Service stopped (3207ms)
2025-10-15 14:32:22 [DEBUG] [queue] Service stopped (2591ms)
2025-10-14 22:49:22 [INFO] [cache] Request processed successfully (3930ms)
2025-10-15 04:45:22 [WARNING] [database] Database query executed (1882ms)
2025-10-15 21:09:22 [INFO] [cache] Request processed successfully (1574ms)
2025-10-15 00:16:22 [WARNING] [auth] Service stopped (1020ms)
2025-10-15 03:07:22 [INFO] [queue] Connection timeout (676ms)
2025-10-15 06:38:22 [DEBUG] [database] Cache miss (4197ms)
2025-10-15 16:48:22 [INFO] [cache] Cache miss (352ms)
2025-10-15 21:49:22 [ERROR] [database] Memory usage high (2126ms)
2025-10-15 06:07:22 [DEBUG] [database] Disk space low (2050ms)
2025-10-15 21:18:22 [ERROR] [cache] Memory usage high (4914ms)
2025-10-15 11:24:22 [DEBUG] [api] Database query executed (2552ms)
2025-10-15 07:43:22 [DEBUG] [database] Invalid credentials (2815ms)
2025-10-15 13:31:22 [ERROR] [cache] Service stopped (1786ms)
2025-10-14 23:39:22 [ERROR] [auth] Service stopped (473ms)
2025-10-15 09:06:22 [ERROR] [database] Connection timeout (3148ms)
2025-10-14 22:51:22 [ERROR] [cache] Request processed successfully (1214ms)
2025-10-15 20:19:22 [WARNING] [api] Memory usage high (172ms)
2025-10-14 23:20:22 [DEBUG] [cache] Service stopped (3895ms)
2025-10-15 12:09:22 [INFO] [cache] Connection timeout (3248ms)
2025-10-15 10:36:22 [INFO] [queue] Connection timeout (780ms)
2025-10-15 17:55:22 [ERROR] [queue] Request processed successfully (3409ms)
2025-10-15 05:06:22 [DEBUG] [api] Service started (43ms)
2025-10-15 13:37:22 [DEBUG] [cache] Cache miss (360ms)
2025-10-15 20:29:22 [DEBUG] [auth] Connection timeout (3530ms)
2025-10-15 06:42:22 [DEBUG] [database] Cache miss (2046ms)
2025-10-15 10:00:22 [WARNING] [database] Service stopped (782ms)
2025-10-15 01:08:22 [DEBUG] [database] Service started (3550ms)
2025-10-14 23:28:22 [WARNING] [queue] Disk space low (1447ms)
2025-10-15 05:40:22 [WARNING] [auth] Memory usage high (3923ms)
2025-10-15 06:42:22 [ERROR] [queue] Request processed successfully (739ms)
2025-10-15 16:06:22 [DEBUG] [database] Rate limit exceeded (1143ms)
2025-10-15 16:38:22 [DEBUG] [cache] Service stopped (1814ms)
2025-10-14 23:11:22 [INFO] [queue] Service stopped (3195ms)
2025-10-15 22:36:22 [DEBUG] [database] Invalid credentials (4100ms)
2025-10-15 10:33:22 [ERROR] [auth] Disk space low (2590ms)
2025-10-15 19:29:22 [WARNING] [auth] Connection timeout (2899ms)
2025-10-15 13:40:22 [WARNING] [api] Invalid credentials (4546ms)
2025-10-14 22:57:22 [DEBUG] [cache] Disk space low (4473ms)
2025-10-15 05:10:22 [DEBUG] [queue] Cache miss (2307ms)
2025-10-15 03:51:22 [INFO] [queue] Request processed successfully (359ms)
2025-10-15 02:19:22 [ERROR] [cache] Memory usage high (1778ms)
2025-10-15 21:00:22 [ERROR] [api] Connection timeout (1657ms)
2025-10-15 01:17:22 [ERROR] [api] Request processed successfully (4373ms)
2025-10-15 01:25:22 [ERROR] [api] Invalid credentials (4910ms)
2025-10-15 16:01:22 [ERROR] [cache] Service stopped (1579ms)
2025-10-15 07:26:22 [ERROR] [queue] Disk space low (425ms)
2025-10-15 13:53:22 [DEBUG] [database] Cache miss (3905ms)
2025-10-15 05:35:22 [ERROR] [cache] Rate limit exceeded (2249ms)
2025-10-15 06:27:22 [WARNING] [auth] Service started (94ms)
2025-10-15 15:57:22 [DEBUG] [queue] Service stopped (2593ms)
2025-10-15 21:58:22 [INFO] [auth] Cache miss (2669ms)
2025-10-15 03:19:22 [ERROR] [cache] Disk space low (3341ms)
2025-10-15 13:42:22 [WARNING] [api] Disk space low (3274ms)
2025-10-15 10:43:22 [INFO] [auth] Connection timeout (2860ms)
2025-10-15 12:27:22 [DEBUG] [api] Memory usage high (3235ms)
2025-10-14 23:12:22 [INFO] [auth] Memory usage high (3015ms)
2025-10-15 09:33:22 [ERROR] [cache] Request processed successfully (1005ms)
2025-10-15 07:38:22 [INFO] [database] Cache miss (4857ms)
2025-10-15 05:36:22 [WARNING] [database] Rate limit exceeded (1533ms)
2025-10-15 20:21:22 [DEBUG] [api] Service stopped (3876ms)
2025-10-15 08:10:22 [INFO] [api] Disk space low (2386ms)
2025-10-15 15:06:22 [WARNING] [api] Invalid credentials (3127ms)
2025-10-15 08:35:22 [INFO] [api] Database query executed (2769ms)
2025-10-15 14:29:22 [INFO] [database] Memory usage high (1348ms)
2025-10-15 15:48:22 [INFO] [database] Service started (1961ms)
2025-10-15 16:50:22 [INFO] [auth] Rate limit exceeded (2552ms)
2025-10-15 21:44:22 [ERROR] [queue] Service stopped (1153ms)
2025-10-15 10:42:22 [ERROR] [queue] Service stopped (4866ms)
2025-10-15 05:50:22 [ERROR] [queue] Service started (4851ms)
2025-10-15 15:05:22 [WARNING] [database] Service stopped (4771ms)
2025-10-15 19:09:22 [ERROR] [auth] Service started (798ms)
2025-10-15 11:15:22 [WARNING] [cache] Memory usage high (4909ms)
2025-10-15 01:07:22 [INFO] [queue] Connection timeout (648ms)
2025-10-15 00:01:22 [INFO] [queue] Connection timeout (2663ms)
2025-10-15 01:32:22 [INFO] [cache] Connection timeout (4336ms)
2025-10-14 23:37:22 [ERROR] [auth] Invalid credentials (3241ms)
2025-10-15 06:42:22 [DEBUG] [database] Rate limit exceeded (3858ms)
2025-10-15 21:07:22 [WARNING] [auth] Memory usage high (488ms)
2025-10-15 22:16:22 [WARNING] [api] Memory usage high (90ms)
2025-10-15 03:38:22 [WARNING] [queue] Database query executed (59ms)
2025-10-15 16:48:22 [WARNING] [auth] Service started (4598ms)
2025-10-15 08:56:22 [DEBUG] [auth] Database query executed (3677ms)
2025-10-15 17:36:22 [DEBUG] [auth] Rate limit exceeded (3117ms)
2025-10-15 17:15:22 [INFO] [cache] Invalid credentials (546ms)
2025-10-15 14:25:22 [DEBUG] [auth] Disk space low (2180ms)
2025-10-15 07:31:22 [WARNING] [auth] Rate limit exceeded (1545ms)
2025-10-15 16:37:22 [WARNING] [auth] Invalid credentials (2164ms)
2025-10-15 14:42:22 [DEBUG] [queue] Service stopped (2789ms)
2025-10-15 00:01:22 [INFO] [cache] Cache miss (2090ms)
2025-10-15 16:28:22 [INFO] [database] Cache miss (2940ms)
2025-10-15 04:17:22 [DEBUG] [cache] Invalid credentials (4154ms)
2025-10-15 04:40:22 [INFO] [queue] Invalid credentials (596ms)
2025-10-15 01:40:22 [ERROR] [queue] Rate limit exceeded (905ms)
2025-10-15 10:07:22 [WARNING] [api] Invalid credentials (2040ms)
2025-10-15 02:15:22 [WARNING] [cache] Disk space low (688ms)
2025-10-15 19:29:22 [DEBUG] [database] Memory usage high (2024ms)
2025-10-15 14:55:22 [ERROR] [auth] Cache miss (2ms)
2025-10-15 20:53:22 [INFO] [auth] Cache miss (2675ms)
2025-10-15 04:55:22 [WARNING] [database] Database query executed (1240ms)
2025-10-15 05:49:22 [WARNING] [api] Rate limit exceeded (295ms)
2025-10-15 07:19:22 [INFO] [queue] Service stopped (4246ms)
2025-10-15 00:00:22 [DEBUG] [database] Memory usage high (234ms)
2025-10-14 23:53:22 [DEBUG] [cache] Memory usage high (885ms)
2025-10-15 09:43:22 [DEBUG] [api] Request processed successfully (992ms)
2025-10-15 20:05:22 [ERROR] [queue] Request processed successfully (2558ms)
2025-10-14 23:00:22 [DEBUG] [cache] Connection timeout (398ms)
2025-10-15 12:15:22 [WARNING] [auth] Disk space low (976ms)
2025-10-14 23:12:22 [WARNING] [api] Rate limit exceeded (4449ms)
2025-10-15 17:32:22 [ERROR] [cache] Service stopped (155ms)
2025-10-15 01:32:22 [INFO] [database] Service stopped (709ms)
2025-10-15 00:07:22 [DEBUG] [queue] Invalid credentials (698ms)
2025-10-15 11:21:22 [WARNING] [cache] Memory usage high (2680ms)
2025-10-15 12:57:22 [WARNING] [api] Request processed successfully (2128ms)
2025-10-15 01:15:22 [DEBUG] [queue] Request processed successfully (3100ms)
2025-10-15 09:09:22 [WARNING] [queue] Invalid credentials (2969ms)
2025-10-15 08:40:22 [WARNING] [queue] Request processed successfully (2122ms)
2025-10-15 06:49:22 [DEBUG] [database] Connection timeout (1265ms)
2025-10-15 13:40:22 [WARNING] [queue] Request processed successfully (2742ms)
2025-10-15 00:59:22 [DEBUG] [database] Cache miss (518ms)
2025-10-15 03:42:22 [WARNING] [queue] Memory usage high (3347ms)
2025-10-14 23:11:22 [INFO] [cache] Service stopped (3257ms)
2025-10-14 23:29:22 [ERROR] [cache] Rate limit exceeded (4411ms)
2025-10-15 17:15:22 [INFO] [queue] Memory usage high (543ms)
2025-10-15 21:35:22 [ERROR] [cache] Memory usage high (1340ms)
2025-10-15 04:38:22 [DEBUG] [auth] Service started (3878ms)
2025-10-15 07:00:22 [DEBUG] [database] Database query executed (3806ms)
2025-10-15 07:40:22 [DEBUG] [database] Connection timeout (859ms)
2025-10-15 19:04:22 [DEBUG] [queue] Connection timeout (3337ms)
2025-10-15 06:05:22 [INFO] [auth] Connection timeout (1691ms)
2025-10-15 18:32:22 [INFO] [queue] Cache miss (3553ms)
2025-10-15 02:55:22 [ERROR] [api] Cache miss (1583ms)
2025-10-15 15:57:22 [ERROR] [cache] Service stopped (853ms)
2025-10-15 11:09:22 [DEBUG] [auth] Cache miss (3305ms)
2025-10-15 01:35:22 [INFO] [auth] Cache miss (4880ms)
2025-10-14 23:57:22 [INFO] [api] Rate limit exceeded (2233ms)
2025-10-15 05:01:22 [INFO] [auth] Disk space low (3990ms)
2025-10-15 00:51:22 [INFO] [cache] Cache miss (2564ms)
2025-10-15 14:41:22 [WARNING] [queue] Connection timeout (2038ms)
2025-10-15 01:28:22 [WARNING] [auth] Memory usage high (2054ms)
2025-10-15 11:20:22 [ERROR] [cache] Cache miss (666ms)
2025-10-15 12:32:22 [INFO] [cache] Service stopped (2682ms)
2025-10-15 09:01:22 [INFO] [queue] Memory usage high (290ms)
2025-10-15 12:27:22 [INFO] [database] Disk space low (607ms)
2025-10-15 13:38:22 [INFO] [auth] Service stopped (2802ms)
2025-10-15 21:56:22 [INFO] [cache] Service started (4989ms)
2025-10-15 21:34:22 [WARNING] [database] Service started (450ms)
2025-10-15 13:40:22 [ERROR] [database] Service started (1596ms)
2025-10-15 03:26:22 [DEBUG] [api] Disk space low (192ms)
2025-10-15 21:46:22 [DEBUG] [auth] Cache miss (66ms)
2025-10-15 12:13:22 [WARNING] [cache] Rate limit exceeded (2859ms)
2025-10-15 14:13:22 [ERROR] [auth] Connection timeout (4821ms)
2025-10-15 11:47:22 [INFO] [api] Memory usage high (3539ms)
2025-10-14 23:45:22 [INFO] [api] Rate limit exceeded (370ms)
2025-10-15 14:25:22 [INFO] [cache] Request processed successfully (819ms)
2025-10-15 18:04:22 [INFO] [cache] Service stopped (4777ms)
2025-10-15 02:07:22 [ERROR] [database] Database query executed (1648ms)
2025-10-15 21:50:22 [INFO] [database] Service started (3163ms)
2025-10-15 17:58:22 [ERROR] [api] Request processed successfully (780ms)
2025-10-15 10:22:22 [WARNING] [api] Service started (2813ms)
2025-10-15 12:29:22 [ERROR] [api] Cache miss (353ms)
2025-10-15 02:04:22 [WARNING] [api] Service stopped (957ms)
2025-10-15 13:59:22 [ERROR] [api] Invalid credentials (805ms)
2025-10-15 22:29:22 [DEBUG] [cache] Service stopped (387ms)
2025-10-15 21:43:22 [ERROR] [queue] Request processed successfully (2232ms)
2025-10-15 10:21:22 [DEBUG] [api] Connection timeout (1891ms)
2025-10-15 16:46:22 [DEBUG] [database] Service started (1990ms)
2025-10-15 15:20:22 [WARNING] [api] Connection timeout (2135ms)
2025-10-15 14:26:22 [WARNING] [queue] Service stopped (1741ms)
2025-10-15 09:52:22 [ERROR] [api] Database query executed (2125ms)
2025-10-15 12:41:22 [DEBUG] [auth] Cache miss (179ms)
2025-10-15 11:51:22 [WARNING] [api] Invalid credentials (404ms)
2025-10-15 01:04:22 [INFO] [database] Database query executed (1059ms)
2025-10-15 10:48:22 [INFO] [api] Cache miss (4643ms)
2025-10-15 08:28:22 [WARNING] [api] Invalid credentials (628ms)
2025-10-15 04:03:22 [INFO] [database] Service started (3999ms)
2025-10-15 00:26:22 [ERROR] [auth] Disk space low (356ms)
2025-10-15 19:44:22 [INFO] [queue] Database query executed (4848ms)
2025-10-15 11:43:22 [DEBUG] [api] Disk space low (4376ms)
2025-10-15 02:50:22 [INFO] [api] Service started (2671ms)
2025-10-15 01:34:22 [DEBUG] [auth] Invalid credentials (4829ms)
2025-10-15 04:07:22 [WARNING] [api] Rate limit exceeded (2741ms)
2025-10-15 07:31:22 [ERROR] [database] Memory usage high (847ms)
2025-10-15 09:43:22 [DEBUG] [api] Service started (655ms)
2025-10-15 00:17:22 [DEBUG] [cache] Disk space low (3323ms)
2025-10-14 23:18:22 [WARNING] [database] Service stopped (2920ms)
2025-10-15 12:04:22 [WARNING] [database] Cache miss (3548ms)
2025-10-14 23:55:23 [INFO] [api] Request processed successfully (4980ms)
2025-10-15 16:38:23 [WARNING] [database] Memory usage high (4319ms)
2025-10-14 23:24:23 [DEBUG] [auth] Database query executed (169ms)
2025-10-15 09:57:23 [WARNING] [auth] Invalid credentials (3060ms)
2025-10-15 04:58:23 [DEBUG] [queue] Rate limit exceeded (4126ms)
2025-10-15 07:59:23 [INFO] [api] Cache miss (173ms)
2025-10-15 05:42:23 [DEBUG] [auth] Request processed successfully (4228ms)
2025-10-15 04:33:23 [ERROR] [api] Memory usage high (3496ms)
2025-10-15 14:29:23 [ERROR] [api] Disk space low (523ms)
2025-10-15 03:32:23 [WARNING] [auth] Memory usage high (2919ms)
2025-10-15 04:33:23 [ERROR] [auth] Database query executed (1003ms)
2025-10-15 19:25:23 [WARNING] [queue] Rate limit exceeded (2524ms)
2025-10-15 12:41:23 [ERROR] [api] Disk space low (1618ms)
2025-10-15 13:35:23 [WARNING] [cache] Cache miss (4872ms)
2025-10-15 13:04:23 [WARNING] [database] Request processed successfully (4776ms)
2025-10-15 12:29:23 [DEBUG] [auth] Memory usage high (2666ms)
2025-10-15 05:16:23 [INFO] [auth] Cache miss (988ms)
2025-10-15 22:29:23 [INFO] [queue] Connection timeout (4750ms)
2025-10-15 08:13:23 [INFO] [auth] Database query executed (2224ms)
2025-10-15 20:31:23 [WARNING] [cache] Cache miss (3257ms)
2025-10-15 13:48:23 [DEBUG] [auth] Rate limit exceeded (4228ms)
2025-10-15 02:14:23 [DEBUG] [api] Rate limit exceeded (4418ms)
2025-10-15 10:33:23 [DEBUG] [cache] Cache miss (1327ms)
2025-10-15 22:15:23 [ERROR] [queue] Connection timeout (1517ms)
2025-10-15 13:00:23 [INFO] [auth] Memory usage high (2142ms)
2025-10-15 02:18:23 [ERROR] [cache] Service stopped (2109ms)
2025-10-15 02:59:23 [INFO] [cache] Connection timeout (1283ms)
2025-10-15 06:59:23 [ERROR] [auth] Disk space low (983ms)
2025-10-15 16:04:23 [DEBUG] [database] Service stopped (4104ms)
2025-10-15 16:31:23 [ERROR] [cache] Service started (3782ms)
2025-10-15 19:37:23 [WARNING] [api] Connection timeout (1962ms)
2025-10-15 13:34:23 [DEBUG] [api] Rate limit exceeded (2439ms)
2025-10-15 16:04:23 [ERROR] [database] Request processed successfully (2560ms)
2025-10-15 08:16:23 [DEBUG] [queue] Disk space low (1203ms)
2025-10-15 14:38:23 [WARNING] [auth] Connection timeout (2069ms)
2025-10-15 02:40:23 [ERROR] [cache] Database query executed (632ms)
2025-10-15 07:45:23 [WARNING] [cache] Service started (493ms)
2025-10-15 01:28:23 [DEBUG] [database] Cache miss (885ms)
2025-10-15 06:07:23 [DEBUG] [cache] Database query executed (762ms)
2025-10-15 21:44:23 [ERROR] [api] Connection timeout (4461ms)
2025-10-15 08:02:23 [WARNING] [database] Cache miss (1926ms)
2025-10-15 02:40:23 [DEBUG] [queue] Rate limit exceeded (4075ms)
2025-10-15 11:04:23 [DEBUG] [database] Invalid credentials (4980ms)
2025-10-15 08:58:23 [DEBUG] [database] Invalid credentials (3900ms)
2025-10-15 02:36:23 [DEBUG] [auth] Invalid credentials (3197ms)
2025-10-15 16:16:23 [INFO] [auth] Memory usage high (535ms)
2025-10-15 16:51:23 [INFO] [api] Database query executed (222ms)
2025-10-15 09:41:23 [INFO] [auth] Service started (267ms)
2025-10-15 08:52:23 [ERROR] [database] Disk space low (1808ms)
2025-10-15 09:07:23 [INFO] [api] Rate limit exceeded (3645ms)
2025-10-15 17:50:23 [WARNING] [database] Rate limit exceeded (3249ms)
2025-10-15 19:53:23 [INFO] [auth] Request processed successfully (519ms)
2025-10-15 05:30:23 [DEBUG] [database] Connection timeout (3757ms)
2025-10-15 22:17:23 [ERROR] [cache] Disk space low (1884ms)
2025-10-15 16:01:23 [DEBUG] [auth] Connection timeout (1852ms)
2025-10-15 21:49:23 [WARNING] [cache] Cache miss (4714ms)
2025-10-15 04:52:23 [DEBUG] [api] Cache miss (3894ms)
2025-10-15 14:04:23 [DEBUG] [queue] Invalid credentials (4640ms)
2025-10-15 09:50:23 [WARNING] [database] Rate limit exceeded (358ms)
2025-10-15 07:35:23 [INFO] [queue] Connection timeout (2116ms)
2025-10-15 08:59:23 [INFO] [queue] Request processed successfully (1620ms)
2025-10-15 14:27:23 [DEBUG] [auth] Connection timeout (4207ms)
2025-10-15 19:40:23 [ERROR] [auth] Service stopped (2689ms)
2025-10-15 20:09:23 [INFO] [queue] Connection timeout (146ms)
2025-10-14 23:23:23 [DEBUG] [queue] Memory usage high (1608ms)
2025-10-15 06:34:23 [ERROR] [cache] Request processed successfully (3740ms)
2025-10-15 00:07:23 [DEBUG] [cache] Request processed successfully (4910ms)
2025-10-15 11:03:23 [ERROR] [auth] Cache miss (4995ms)
2025-10-15 11:50:23 [ERROR] [api] Service started (3760ms)
2025-10-15 09:30:23 [WARNING] [database] Disk space low (1061ms)
2025-10-15 17:24:23 [WARNING] [database] Rate limit exceeded (1504ms)
2025-10-15 16:01:23 [INFO] [queue] Request processed successfully (1641ms)
2025-10-15 11:16:23 [DEBUG] [queue] Service stopped (137ms)
2025-10-15 13:47:23 [INFO] [queue] Service started (4800ms)
2025-10-15 04:34:23 [ERROR] [api] Disk space low (4224ms)
2025-10-15 20:11:23 [ERROR] [auth] Service started (508ms)
2025-10-15 18:05:23 [INFO] [queue] Memory usage high (9ms)
2025-10-15 17:28:23 [WARNING] [database] Database query executed (1233ms)
2025-10-15 22:06:23 [DEBUG] [api] Request processed successfully (4275ms)
2025-10-15 14:43:23 [ERROR] [api] Request processed successfully (918ms)
2025-10-15 04:11:23 [ERROR] [auth] Service started (818ms)
2025-10-15 00:01:23 [INFO] [cache] Cache miss (114ms)
2025-10-15 11:21:23 [ERROR] [api] Request processed successfully (4071ms)
2025-10-15 14:28:23 [DEBUG] [database] Memory usage high (764ms)
2025-10-15 03:22:23 [WARNING] [auth] Service stopped (3653ms)
2025-10-15 12:29:23 [WARNING] [api] Service stopped (1995ms)
2025-10-15 11:13:23 [ERROR] [database] Invalid credentials (1370ms)
2025-10-15 07:07:23 [INFO] [api] Invalid credentials (2531ms)
2025-10-15 15:17:23 [ERROR] [cache] Memory usage high (4488ms)
2025-10-15 09:19:23 [ERROR] [api] Disk space low (779ms)
2025-10-15 16:50:23 [WARNING] [auth] Connection timeout (2654ms)
2025-10-15 17:23:23 [INFO] [queue] Request processed successfully (253ms)
2025-10-15 01:59:23 [WARNING] [queue] Memory usage high (1741ms)
2025-10-15 14:44:23 [DEBUG] [api] Rate limit exceeded (3958ms)
2025-10-15 11:12:23 [DEBUG] [database] Memory usage high (303ms)
2025-10-15 17:24:23 [WARNING] [cache] Database query executed (1639ms)
2025-10-15 12:38:23 [WARNING] [database] Disk space low (1760ms)
2025-10-15 09:03:23 [DEBUG] [api] Rate limit exceeded (1195ms)
2025-10-15 11:02:23 [WARNING] [api] Connection timeout (710ms)
2025-10-15 00:51:23 [DEBUG] [cache] Database query executed (4563ms)
2025-10-15 04:07:23 [DEBUG] [cache] Database query executed (527ms)
2025-10-15 03:12:23 [WARNING] [auth] Disk space low (1225ms)
2025-10-15 12:51:23 [INFO] [cache] Rate limit exceeded (4859ms)
2025-10-15 19:08:23 [ERROR] [queue] Request processed successfully (3517ms)
2025-10-15 13:38:23 [INFO] [queue] Service started (549ms)
2025-10-15 21:06:23 [DEBUG] [api] Invalid credentials (2658ms)
2025-10-15 15:14:23 [INFO] [queue] Memory usage high (1265ms)
2025-10-15 08:55:23 [ERROR] [auth] Disk space low (1841ms)
2025-10-15 20:50:23 [WARNING] [cache] Disk space low (132ms)
2025-10-15 08:27:23 [INFO] [api] Cache miss (2957ms)
2025-10-15 20:33:23 [INFO] [api] Service stopped (2661ms)
2025-10-15 13:36:23 [WARNING] [auth] Service stopped (4445ms)
2025-10-15 07:39:23 [DEBUG] [auth] Request processed successfully (4936ms)
2025-10-15 11:24:23 [ERROR] [auth] Rate limit exceeded (4166ms)
2025-10-15 21:56:23 [ERROR] [cache] Memory usage high (4828ms)
2025-10-15 00:42:23 [INFO] [auth] Database query executed (1446ms)
2025-10-15 04:15:23 [ERROR] [database] Request processed successfully (2393ms)
2025-10-15 02:03:23 [WARNING] [queue] Disk space low (1872ms)
2025-10-15 00:04:23 [WARNING] [cache] Memory usage high (1716ms)
2025-10-15 20:40:23 [ERROR] [queue] Request processed successfully (2260ms)
2025-10-15 15:54:23 [DEBUG] [auth] Database query executed (3290ms)
2025-10-14 22:56:23 [DEBUG] [queue] Disk space low (1275ms)
2025-10-15 20:23:23 [INFO] [cache] Service started (1793ms)
2025-10-15 22:41:23 [INFO] [cache] Database query executed (1563ms)
2025-10-14 23:07:23 [DEBUG] [cache] Connection timeout (4495ms)
2025-10-15 20:19:23 [WARNING] [database] Disk space low (1024ms)
2025-10-15 03:49:23 [DEBUG] [cache] Invalid credentials (4959ms)
2025-10-15 15:30:23 [ERROR] [database] Cache miss (2395ms)
2025-10-15 00:19:23 [DEBUG] [api] Disk space low (4066ms)
2025-10-15 04:02:23 [INFO] [api] Request processed successfully (3266ms)
2025-10-15 03:45:23 [DEBUG] [queue] Request processed successfully (1318ms)
2025-10-14 23:40:23 [DEBUG] [auth] Request processed successfully (2209ms)
2025-10-15 12:28:23 [INFO] [cache] Rate limit exceeded (607ms)
2025-10-15 00:50:23 [ERROR] [queue] Cache miss (4150ms)
2025-10-15 21:39:23 [INFO] [api] Request processed successfully (1376ms)
2025-10-15 19:13:23 [DEBUG] [queue] Cache miss (1112ms)
2025-10-15 06:54:23 [WARNING] [database] Disk space low (2074ms)
2025-10-15 18:46:23 [DEBUG] [cache] Request processed successfully (2821ms)
2025-10-15 18:19:23 [WARNING] [database] Memory usage high (1175ms)
2025-10-15 02:43:23 [DEBUG] [cache] Rate limit exceeded (1269ms)
2025-10-15 15:11:23 [WARNING] [cache] Service stopped (3069ms)
2025-10-15 13:03:23 [DEBUG] [cache] Invalid credentials (4788ms)
2025-10-15 08:24:23 [WARNING] [queue] Invalid credentials (2178ms)
2025-10-15 14:13:23 [WARNING] [cache] Service stopped (1079ms)
2025-10-14 23:01:23 [ERROR] [database] Connection timeout (1632ms)
2025-10-15 21:54:23 [DEBUG] [api] Memory usage high (629ms)
2025-10-15 18:47:23 [INFO] [auth] Database query executed (2498ms)
2025-10-15 10:50:23 [INFO] [database] Service stopped (4123ms)
2025-10-15 08:52:23 [WARNING] [database] Service stopped (4119ms)
2025-10-15 16:33:23 [WARNING] [cache] Disk space low (966ms)
2025-10-15 05:52:23 [INFO] [database] Invalid credentials (1985ms)
2025-10-15 20:09:23 [WARNING] [database] Service stopped (187ms)
2025-10-15 04:07:23 [WARNING] [api] Request processed successfully (3269ms)
2025-10-15 21:22:23 [INFO] [database] Service started (84ms)
2025-10-15 03:30:23 [INFO] [api] Cache miss (1019ms)
